[2023-01-27 10:12:36,870] multiqc                                            [DEBUG  ]  This is MultiQC v1.13 (339f9f9)
[2023-01-27 10:12:36,872] multiqc                                            [DEBUG  ]  Command used: /nfs1/BPP/Spatafora_Lab/gerversk/projects/fun-gi/env/bin/multiqc -f -o 01-demultiplex/logs -n R1.html -i Demultiplexed forward reads scratch/COYLE001-R1_fastqc.zip scratch/COYLE002-R1_fastqc.zip scratch/COYLE003-R1_fastqc.zip scratch/COYLE004-R1_fastqc.zip scratch/COYLE005-R1_fastqc.zip scratch/COYLE006-R1_fastqc.zip scratch/COYLE007-R1_fastqc.zip scratch/COYLE008-R1_fastqc.zip scratch/LISTON01-R1_fastqc.zip scratch/LISTON02-R1_fastqc.zip scratch/LISTON03-R1_fastqc.zip scratch/LISTON04-R1_fastqc.zip scratch/LISTON05-R1_fastqc.zip scratch/LISTON06-R1_fastqc.zip scratch/P01-01-A-R1_fastqc.zip scratch/P01-01-B-R1_fastqc.zip scratch/P01-01-C-R1_fastqc.zip scratch/P01-01-D-R1_fastqc.zip scratch/P01-01-E-R1_fastqc.zip scratch/P01-01-F-R1_fastqc.zip scratch/P01-01-G-R1_fastqc.zip scratch/P01-01-H-R1_fastqc.zip scratch/P01-02-A-R1_fastqc.zip scratch/P01-02-B-R1_fastqc.zip scratch/P01-02-C-R1_fastqc.zip scratch/P01-02-D-R1_fastqc.zip scratch/undetermined-R1_fastqc.zip
[2023-01-27 10:12:37,710] multiqc                                            [WARNING]  MultiQC Version v1.14 now available!
[2023-01-27 10:12:37,710] multiqc                                            [DEBUG  ]  Working dir : /nfs1/BPP/Spatafora_Lab/gerversk/projects/fun-gi
[2023-01-27 10:12:37,710] multiqc                                            [DEBUG  ]  Template    : default
[2023-01-27 10:12:37,710] multiqc                                            [DEBUG  ]  Running Python 3.10.8 | packaged by conda-forge | (main, Nov 22 2022, 08:23:14) [GCC 10.4.0]
[2023-01-27 10:12:37,710] multiqc                                            [INFO   ]  Report title: Demultiplexed forward reads
[2023-01-27 10:12:37,711] multiqc                                            [DEBUG  ]  Analysing modules: custom_content, ccs, ngsderive, purple, conpair, lima, peddy, somalier, methylQA, mosdepth, phantompeakqualtools, qualimap, preseq, quast, qorts, rna_seqc, rockhopper, rsem, rseqc, busco, bustools, goleft_indexcov, gffcompare, disambiguate, supernova, deeptools, sargasso, verifybamid, mirtrace, happy, mirtop, sambamba, homer, hops, macs2, theta2, snpeff, gatk, htseq, bcftools, featureCounts, fgbio, dragen, dedup, pbmarkdup, damageprofiler, biobambam2, jcvi, mtnucratio, picard, vep, sentieon, prokka, qc3C, nanostat, samblaster, samtools, sexdeterrmine, eigenstratdatabasetools, bamtools, jellyfish, vcftools, longranger, stacks, varscan2, snippy, bbmap, bismark, biscuit, hicexplorer, hicup, hicpro, salmon, kallisto, slamdunk, star, hisat2, tophat, bowtie2, bowtie1, snpsplit, odgi, pangolin, kat, leehom, adapterRemoval, clipandmerge, cutadapt, flexbar, kaiju, kraken, malt, trimmomatic, sickle, skewer, sortmerna, biobloomtools, fastq_screen, afterqc, fastp, fastqc, pychopper, pycoqc, minionqc, multivcfanalyzer, clusterflow, checkqc, bcl2fastq, bclconvert, interop, ivar, flash, seqyclean, optitype, whatshap
[2023-01-27 10:12:37,711] multiqc                                            [DEBUG  ]  Using temporary directory for creating report: /data/93557.1.bpp/tmpv7632a_f
[2023-01-27 10:12:37,944] multiqc                                            [INFO   ]  Search path : /nfs1/BPP/Spatafora_Lab/gerversk/projects/fun-gi/scratch/COYLE001-R1_fastqc.zip
[2023-01-27 10:12:37,944] multiqc                                            [INFO   ]  Search path : /nfs1/BPP/Spatafora_Lab/gerversk/projects/fun-gi/scratch/COYLE002-R1_fastqc.zip
[2023-01-27 10:12:37,945] multiqc                                            [INFO   ]  Search path : /nfs1/BPP/Spatafora_Lab/gerversk/projects/fun-gi/scratch/COYLE003-R1_fastqc.zip
[2023-01-27 10:12:37,945] multiqc                                            [INFO   ]  Search path : /nfs1/BPP/Spatafora_Lab/gerversk/projects/fun-gi/scratch/COYLE004-R1_fastqc.zip
[2023-01-27 10:12:37,945] multiqc                                            [INFO   ]  Search path : /nfs1/BPP/Spatafora_Lab/gerversk/projects/fun-gi/scratch/COYLE005-R1_fastqc.zip
[2023-01-27 10:12:37,945] multiqc                                            [INFO   ]  Search path : /nfs1/BPP/Spatafora_Lab/gerversk/projects/fun-gi/scratch/COYLE006-R1_fastqc.zip
[2023-01-27 10:12:37,945] multiqc                                            [INFO   ]  Search path : /nfs1/BPP/Spatafora_Lab/gerversk/projects/fun-gi/scratch/COYLE007-R1_fastqc.zip
[2023-01-27 10:12:37,945] multiqc                                            [INFO   ]  Search path : /nfs1/BPP/Spatafora_Lab/gerversk/projects/fun-gi/scratch/COYLE008-R1_fastqc.zip
[2023-01-27 10:12:37,945] multiqc                                            [INFO   ]  Search path : /nfs1/BPP/Spatafora_Lab/gerversk/projects/fun-gi/scratch/LISTON01-R1_fastqc.zip
[2023-01-27 10:12:37,945] multiqc                                            [INFO   ]  Search path : /nfs1/BPP/Spatafora_Lab/gerversk/projects/fun-gi/scratch/LISTON02-R1_fastqc.zip
[2023-01-27 10:12:37,945] multiqc                                            [INFO   ]  Search path : /nfs1/BPP/Spatafora_Lab/gerversk/projects/fun-gi/scratch/LISTON03-R1_fastqc.zip
[2023-01-27 10:12:37,945] multiqc                                            [INFO   ]  Search path : /nfs1/BPP/Spatafora_Lab/gerversk/projects/fun-gi/scratch/LISTON04-R1_fastqc.zip
[2023-01-27 10:12:37,945] multiqc                                            [INFO   ]  Search path : /nfs1/BPP/Spatafora_Lab/gerversk/projects/fun-gi/scratch/LISTON05-R1_fastqc.zip
[2023-01-27 10:12:37,945] multiqc                                            [INFO   ]  Search path : /nfs1/BPP/Spatafora_Lab/gerversk/projects/fun-gi/scratch/LISTON06-R1_fastqc.zip
[2023-01-27 10:12:37,945] multiqc                                            [INFO   ]  Search path : /nfs1/BPP/Spatafora_Lab/gerversk/projects/fun-gi/scratch/P01-01-A-R1_fastqc.zip
[2023-01-27 10:12:37,945] multiqc                                            [INFO   ]  Search path : /nfs1/BPP/Spatafora_Lab/gerversk/projects/fun-gi/scratch/P01-01-B-R1_fastqc.zip
[2023-01-27 10:12:37,945] multiqc                                            [INFO   ]  Search path : /nfs1/BPP/Spatafora_Lab/gerversk/projects/fun-gi/scratch/P01-01-C-R1_fastqc.zip
[2023-01-27 10:12:37,945] multiqc                                            [INFO   ]  Search path : /nfs1/BPP/Spatafora_Lab/gerversk/projects/fun-gi/scratch/P01-01-D-R1_fastqc.zip
[2023-01-27 10:12:37,945] multiqc                                            [INFO   ]  Search path : /nfs1/BPP/Spatafora_Lab/gerversk/projects/fun-gi/scratch/P01-01-E-R1_fastqc.zip
[2023-01-27 10:12:37,945] multiqc                                            [INFO   ]  Search path : /nfs1/BPP/Spatafora_Lab/gerversk/projects/fun-gi/scratch/P01-01-F-R1_fastqc.zip
[2023-01-27 10:12:37,945] multiqc                                            [INFO   ]  Search path : /nfs1/BPP/Spatafora_Lab/gerversk/projects/fun-gi/scratch/P01-01-G-R1_fastqc.zip
[2023-01-27 10:12:37,945] multiqc                                            [INFO   ]  Search path : /nfs1/BPP/Spatafora_Lab/gerversk/projects/fun-gi/scratch/P01-01-H-R1_fastqc.zip
[2023-01-27 10:12:37,945] multiqc                                            [INFO   ]  Search path : /nfs1/BPP/Spatafora_Lab/gerversk/projects/fun-gi/scratch/P01-02-A-R1_fastqc.zip
[2023-01-27 10:12:37,945] multiqc                                            [INFO   ]  Search path : /nfs1/BPP/Spatafora_Lab/gerversk/projects/fun-gi/scratch/P01-02-B-R1_fastqc.zip
[2023-01-27 10:12:37,945] multiqc                                            [INFO   ]  Search path : /nfs1/BPP/Spatafora_Lab/gerversk/projects/fun-gi/scratch/P01-02-C-R1_fastqc.zip
[2023-01-27 10:12:37,945] multiqc                                            [INFO   ]  Search path : /nfs1/BPP/Spatafora_Lab/gerversk/projects/fun-gi/scratch/P01-02-D-R1_fastqc.zip
[2023-01-27 10:12:37,945] multiqc                                            [INFO   ]  Search path : /nfs1/BPP/Spatafora_Lab/gerversk/projects/fun-gi/scratch/undetermined-R1_fastqc.zip
[2023-01-27 10:12:37,967] multiqc                                            [DEBUG  ]  Summary of files that were skipped by the search: []
[2023-01-27 10:12:38,493] multiqc.plots.bargraph                             [DEBUG  ]  Using matplotlib version 3.6.2
[2023-01-27 10:12:38,495] multiqc.plots.linegraph                            [DEBUG  ]  Using matplotlib version 3.6.2
[2023-01-27 10:12:38,498] multiqc                                            [DEBUG  ]  No samples found: custom_content
[2023-01-27 10:12:38,614] multiqc.modules.fastqc.fastqc                      [INFO   ]  Found 27 reports
[2023-01-27 10:12:38,917] multiqc                                            [INFO   ]  Compressing plot data
[2023-01-27 10:12:39,149] multiqc                                            [INFO   ]  Report      : 01-demultiplex/logs/R1.html
[2023-01-27 10:12:39,149] multiqc                                            [INFO   ]  Data        : 01-demultiplex/logs/R1_data
[2023-01-27 10:12:39,149] multiqc                                            [DEBUG  ]  Moving data file from '/data/93557.1.bpp/tmpv7632a_f/multiqc_data' to '01-demultiplex/logs/R1_data'
[2023-01-27 10:12:39,339] multiqc                                            [INFO   ]  MultiQC complete
