[2023-01-27 12:38:00,685] multiqc                                            [DEBUG  ]  This is MultiQC v1.13 (554d90f)
[2023-01-27 12:38:00,686] multiqc                                            [DEBUG  ]  Command used: /nfs1/BPP/Spatafora_Lab/gerversk/projects/fun-gi/env/bin/multiqc -f -o 02-trim/logs -n trim-error-R2.html -ip -i Undetermined reverse reads trimmed with Fun + Gi primers scratch/error/trim-R2_fastqc.zip
[2023-01-27 12:38:01,560] multiqc                                            [WARNING]  MultiQC Version v1.14 now available!
[2023-01-27 12:38:01,560] multiqc                                            [DEBUG  ]  Working dir : /nfs1/BPP/Spatafora_Lab/gerversk/projects/fun-gi
[2023-01-27 12:38:01,560] multiqc                                            [DEBUG  ]  Template    : default
[2023-01-27 12:38:01,560] multiqc                                            [DEBUG  ]  Running Python 3.10.8 | packaged by conda-forge | (main, Nov 22 2022, 08:23:14) [GCC 10.4.0]
[2023-01-27 12:38:01,561] multiqc                                            [INFO   ]  Report title: Undetermined reverse reads trimmed with Fun + Gi primers
[2023-01-27 12:38:01,561] multiqc                                            [DEBUG  ]  Analysing modules: custom_content, ccs, ngsderive, purple, conpair, lima, peddy, somalier, methylQA, mosdepth, phantompeakqualtools, qualimap, preseq, quast, qorts, rna_seqc, rockhopper, rsem, rseqc, busco, bustools, goleft_indexcov, gffcompare, disambiguate, supernova, deeptools, sargasso, verifybamid, mirtrace, happy, mirtop, sambamba, homer, hops, macs2, theta2, snpeff, gatk, htseq, bcftools, featureCounts, fgbio, dragen, dedup, pbmarkdup, damageprofiler, biobambam2, jcvi, mtnucratio, picard, vep, sentieon, prokka, qc3C, nanostat, samblaster, samtools, sexdeterrmine, eigenstratdatabasetools, bamtools, jellyfish, vcftools, longranger, stacks, varscan2, snippy, bbmap, bismark, biscuit, hicexplorer, hicup, hicpro, salmon, kallisto, slamdunk, star, hisat2, tophat, bowtie2, bowtie1, snpsplit, odgi, pangolin, kat, leehom, adapterRemoval, clipandmerge, cutadapt, flexbar, kaiju, kraken, malt, trimmomatic, sickle, skewer, sortmerna, biobloomtools, fastq_screen, afterqc, fastp, fastqc, pychopper, pycoqc, minionqc, multivcfanalyzer, clusterflow, checkqc, bcl2fastq, bclconvert, interop, ivar, flash, seqyclean, optitype, whatshap
[2023-01-27 12:38:01,562] multiqc                                            [DEBUG  ]  Using temporary directory for creating report: /data/93698.1.bpp/tmppa_vdbny
[2023-01-27 12:38:02,128] multiqc                                            [INFO   ]  Search path : /nfs1/BPP/Spatafora_Lab/gerversk/projects/fun-gi/scratch/error/trim-R2_fastqc.zip
[2023-01-27 12:38:02,184] multiqc                                            [DEBUG  ]  Summary of files that were skipped by the search: []
[2023-01-27 12:38:03,300] multiqc.plots.bargraph                             [DEBUG  ]  Using matplotlib version 3.6.2
[2023-01-27 12:38:03,301] multiqc.plots.linegraph                            [DEBUG  ]  Using matplotlib version 3.6.2
[2023-01-27 12:38:03,304] multiqc                                            [DEBUG  ]  No samples found: custom_content
[2023-01-27 12:38:03,328] multiqc.modules.fastqc.fastqc                      [INFO   ]  Found 1 reports
[2023-01-27 12:38:03,513] multiqc                                            [INFO   ]  Compressing plot data
[2023-01-27 12:38:03,592] multiqc                                            [INFO   ]  Report      : 02-trim/logs/trim-error-R2.html
[2023-01-27 12:38:03,593] multiqc                                            [INFO   ]  Data        : 02-trim/logs/trim-error-R2_data
[2023-01-27 12:38:03,593] multiqc                                            [DEBUG  ]  Moving data file from '/data/93698.1.bpp/tmppa_vdbny/multiqc_data' to '02-trim/logs/trim-error-R2_data'
[2023-01-27 12:38:03,825] multiqc                                            [INFO   ]  MultiQC complete
