[2023-01-27 11:54:53,662] multiqc                                            [DEBUG  ]  This is MultiQC v1.13 (554d90f)
[2023-01-27 11:54:53,662] multiqc                                            [DEBUG  ]  Command used: /nfs1/BPP/Spatafora_Lab/gerversk/projects/fun-gi/env/bin/multiqc -f -o 02-trim/logs -n trim1-R2.html -ip -i Reverse reads after the first trim scratch/trim1/P01-01-A-n01_fun_fwd-R2_fastqc.zip scratch/trim1/P01-01-A-n02_fun_fwd-R2_fastqc.zip scratch/trim1/P01-01-A-n03_fun_fwd-R2_fastqc.zip scratch/trim1/P01-01-A-n04_fun_fwd-R2_fastqc.zip scratch/trim1/P01-01-A-n04_gi_fwd-R2_fastqc.zip scratch/trim1/P01-01-A-n05_fun_fwd-R2_fastqc.zip scratch/trim1/P01-01-A-n05_gi_fwd-R2_fastqc.zip scratch/trim1/P01-01-A-n06_fun_fwd-R2_fastqc.zip scratch/trim1/P01-01-A-n06_gi_fwd-R2_fastqc.zip scratch/trim1/P01-01-A-n07_fun_fwd-R2_fastqc.zip scratch/trim1/P01-01-A-n07_gi_fwd-R2_fastqc.zip scratch/trim1/P01-01-A-n08_fun_fwd-R2_fastqc.zip scratch/trim1/P01-01-A-n08_gi_fwd-R2_fastqc.zip scratch/trim1/P01-01-A-n09_gi_fwd-R2_fastqc.zip scratch/trim1/P01-01-A-n10_gi_fwd-R2_fastqc.zip scratch/trim1/P01-01-B-n02_fun_fwd-R2_fastqc.zip scratch/trim1/P01-01-B-n03_fun_fwd-R2_fastqc.zip scratch/trim1/P01-01-B-n04_fun_fwd-R2_fastqc.zip scratch/trim1/P01-01-B-n05_fun_fwd-R2_fastqc.zip scratch/trim1/P01-01-B-n05_gi_fwd-R2_fastqc.zip scratch/trim1/P01-01-B-n06_fun_fwd-R2_fastqc.zip scratch/trim1/P01-01-B-n06_gi_fwd-R2_fastqc.zip scratch/trim1/P01-01-B-n07_fun_fwd-R2_fastqc.zip scratch/trim1/P01-01-B-n07_gi_fwd-R2_fastqc.zip scratch/trim1/P01-01-B-n08_gi_fwd-R2_fastqc.zip scratch/trim1/P01-01-B-n09_gi_fwd-R2_fastqc.zip scratch/trim1/P01-01-B-n10_gi_fwd-R2_fastqc.zip scratch/trim1/P01-01-C-n01_fun_fwd-R2_fastqc.zip scratch/trim1/P01-01-C-n02_fun_fwd-R2_fastqc.zip scratch/trim1/P01-01-C-n03_fun_fwd-R2_fastqc.zip scratch/trim1/P01-01-C-n04_fun_fwd-R2_fastqc.zip scratch/trim1/P01-01-C-n04_gi_fwd-R2_fastqc.zip scratch/trim1/P01-01-C-n05_fun_fwd-R2_fastqc.zip scratch/trim1/P01-01-C-n05_gi_fwd-R2_fastqc.zip scratch/trim1/P01-01-C-n06_fun_fwd-R2_fastqc.zip scratch/trim1/P01-01-C-n06_gi_fwd-R2_fastqc.zip scratch/trim1/P01-01-C-n07_fun_fwd-R2_fastqc.zip scratch/trim1/P01-01-C-n07_gi_fwd-R2_fastqc.zip scratch/trim1/P01-01-C-n08_gi_fwd-R2_fastqc.zip scratch/trim1/P01-01-C-n09_gi_fwd-R2_fastqc.zip scratch/trim1/P01-01-C-n10_gi_fwd-R2_fastqc.zip scratch/trim1/P01-01-D-n01_fun_fwd-R2_fastqc.zip scratch/trim1/P01-01-D-n02_fun_fwd-R2_fastqc.zip scratch/trim1/P01-01-D-n03_fun_fwd-R2_fastqc.zip scratch/trim1/P01-01-D-n04_fun_fwd-R2_fastqc.zip scratch/trim1/P01-01-D-n04_gi_fwd-R2_fastqc.zip scratch/trim1/P01-01-D-n05_fun_fwd-R2_fastqc.zip scratch/trim1/P01-01-D-n05_gi_fwd-R2_fastqc.zip scratch/trim1/P01-01-D-n06_fun_fwd-R2_fastqc.zip scratch/trim1/P01-01-D-n06_gi_fwd-R2_fastqc.zip scratch/trim1/P01-01-D-n07_gi_fwd-R2_fastqc.zip scratch/trim1/P01-01-D-n08_gi_fwd-R2_fastqc.zip scratch/trim1/P01-01-D-n09_gi_fwd-R2_fastqc.zip scratch/trim1/P01-01-D-n10_gi_fwd-R2_fastqc.zip scratch/trim1/P01-01-E-n01_fun_fwd-R2_fastqc.zip scratch/trim1/P01-01-E-n02_fun_fwd-R2_fastqc.zip scratch/trim1/P01-01-E-n03_fun_fwd-R2_fastqc.zip scratch/trim1/P01-01-E-n04_fun_fwd-R2_fastqc.zip scratch/trim1/P01-01-E-n04_gi_fwd-R2_fastqc.zip scratch/trim1/P01-01-E-n05_fun_fwd-R2_fastqc.zip scratch/trim1/P01-01-E-n05_gi_fwd-R2_fastqc.zip scratch/trim1/P01-01-E-n06_fun_fwd-R2_fastqc.zip scratch/trim1/P01-01-E-n06_gi_fwd-R2_fastqc.zip scratch/trim1/P01-01-E-n07_gi_fwd-R2_fastqc.zip scratch/trim1/P01-01-E-n08_gi_fwd-R2_fastqc.zip scratch/trim1/P01-01-E-n09_gi_fwd-R2_fastqc.zip scratch/trim1/P01-01-E-n10_gi_fwd-R2_fastqc.zip scratch/trim1/P01-01-F-n01_fun_fwd-R2_fastqc.zip scratch/trim1/P01-01-F-n02_fun_fwd-R2_fastqc.zip scratch/trim1/P01-01-F-n03_fun_fwd-R2_fastqc.zip scratch/trim1/P01-01-F-n04_fun_fwd-R2_fastqc.zip scratch/trim1/P01-01-F-n04_gi_fwd-R2_fastqc.zip scratch/trim1/P01-01-F-n05_fun_fwd-R2_fastqc.zip scratch/trim1/P01-01-F-n05_gi_fwd-R2_fastqc.zip scratch/trim1/P01-01-F-n06_fun_fwd-R2_fastqc.zip scratch/trim1/P01-01-F-n06_gi_fwd-R2_fastqc.zip scratch/trim1/P01-01-F-n07_fun_fwd-R2_fastqc.zip scratch/trim1/P01-01-F-n07_gi_fwd-R2_fastqc.zip scratch/trim1/P01-01-F-n08_gi_fwd-R2_fastqc.zip scratch/trim1/P01-01-F-n09_gi_fwd-R2_fastqc.zip scratch/trim1/P01-01-F-n10_gi_fwd-R2_fastqc.zip scratch/trim1/P01-01-G-n02_fun_fwd-R2_fastqc.zip scratch/trim1/P01-01-G-n03_fun_fwd-R2_fastqc.zip scratch/trim1/P01-01-G-n04_fun_fwd-R2_fastqc.zip scratch/trim1/P01-01-G-n04_gi_fwd-R2_fastqc.zip scratch/trim1/P01-01-G-n05_fun_fwd-R2_fastqc.zip scratch/trim1/P01-01-G-n05_gi_fwd-R2_fastqc.zip scratch/trim1/P01-01-G-n06_fun_fwd-R2_fastqc.zip scratch/trim1/P01-01-G-n06_gi_fwd-R2_fastqc.zip scratch/trim1/P01-01-G-n07_gi_fwd-R2_fastqc.zip scratch/trim1/P01-01-G-n08_gi_fwd-R2_fastqc.zip scratch/trim1/P01-01-G-n09_gi_fwd-R2_fastqc.zip scratch/trim1/P01-01-H-n02_fun_fwd-R2_fastqc.zip scratch/trim1/P01-01-H-n03_fun_fwd-R2_fastqc.zip scratch/trim1/P01-01-H-n04_fun_fwd-R2_fastqc.zip scratch/trim1/P01-01-H-n04_gi_fwd-R2_fastqc.zip scratch/trim1/P01-01-H-n05_fun_fwd-R2_fastqc.zip scratch/trim1/P01-01-H-n05_gi_fwd-R2_fastqc.zip scratch/trim1/P01-01-H-n06_fun_fwd-R2_fastqc.zip scratch/trim1/P01-01-H-n06_gi_fwd-R2_fastqc.zip scratch/trim1/P01-01-H-n07_fun_fwd-R2_fastqc.zip scratch/trim1/P01-01-H-n07_gi_fwd-R2_fastqc.zip scratch/trim1/P01-01-H-n08_gi_fwd-R2_fastqc.zip scratch/trim1/P01-01-H-n09_gi_fwd-R2_fastqc.zip scratch/trim1/P01-01-H-n10_gi_fwd-R2_fastqc.zip scratch/trim1/P01-02-A-n03_fun_fwd-R2_fastqc.zip scratch/trim1/P01-02-A-n04_fun_fwd-R2_fastqc.zip scratch/trim1/P01-02-A-n05_fun_fwd-R2_fastqc.zip scratch/trim1/P01-02-A-n05_gi_fwd-R2_fastqc.zip scratch/trim1/P01-02-A-n06_gi_fwd-R2_fastqc.zip scratch/trim1/P01-02-A-n08_gi_fwd-R2_fastqc.zip scratch/trim1/P01-02-B-n04_fun_fwd-R2_fastqc.zip scratch/trim1/P01-02-B-n05_fun_fwd-R2_fastqc.zip scratch/trim1/P01-02-B-n05_gi_fwd-R2_fastqc.zip scratch/trim1/P01-02-B-n06_gi_fwd-R2_fastqc.zip scratch/trim1/P01-02-B-n07_gi_fwd-R2_fastqc.zip scratch/trim1/P01-02-C-n03_fun_fwd-R2_fastqc.zip scratch/trim1/P01-02-C-n04_fun_fwd-R2_fastqc.zip scratch/trim1/P01-02-C-n05_fun_fwd-R2_fastqc.zip scratch/trim1/P01-02-C-n07_gi_fwd-R2_fastqc.zip scratch/trim1/P01-02-C-n08_gi_fwd-R2_fastqc.zip scratch/trim1/P01-02-D-n03_fun_fwd-R2_fastqc.zip scratch/trim1/P01-02-D-n04_fun_fwd-R2_fastqc.zip scratch/trim1/P01-02-D-n05_fun_fwd-R2_fastqc.zip scratch/trim1/P01-02-D-n06_fun_fwd-R2_fastqc.zip scratch/trim1/P01-02-D-n07_gi_fwd-R2_fastqc.zip scratch/trim1/P01-02-D-n08_gi_fwd-R2_fastqc.zip scratch/trim1/P01-02-D-n09_gi_fwd-R2_fastqc.zip
[2023-01-27 11:54:54,519] multiqc                                            [WARNING]  MultiQC Version v1.14 now available!
[2023-01-27 11:54:54,519] multiqc                                            [DEBUG  ]  Working dir : /nfs1/BPP/Spatafora_Lab/gerversk/projects/fun-gi
[2023-01-27 11:54:54,519] multiqc                                            [DEBUG  ]  Template    : default
[2023-01-27 11:54:54,519] multiqc                                            [DEBUG  ]  Running Python 3.10.8 | packaged by conda-forge | (main, Nov 22 2022, 08:23:14) [GCC 10.4.0]
[2023-01-27 11:54:54,519] multiqc                                            [INFO   ]  Report title: Reverse reads after the first trim
[2023-01-27 11:54:54,520] multiqc                                            [DEBUG  ]  Analysing modules: custom_content, ccs, ngsderive, purple, conpair, lima, peddy, somalier, methylQA, mosdepth, phantompeakqualtools, qualimap, preseq, quast, qorts, rna_seqc, rockhopper, rsem, rseqc, busco, bustools, goleft_indexcov, gffcompare, disambiguate, supernova, deeptools, sargasso, verifybamid, mirtrace, happy, mirtop, sambamba, homer, hops, macs2, theta2, snpeff, gatk, htseq, bcftools, featureCounts, fgbio, dragen, dedup, pbmarkdup, damageprofiler, biobambam2, jcvi, mtnucratio, picard, vep, sentieon, prokka, qc3C, nanostat, samblaster, samtools, sexdeterrmine, eigenstratdatabasetools, bamtools, jellyfish, vcftools, longranger, stacks, varscan2, snippy, bbmap, bismark, biscuit, hicexplorer, hicup, hicpro, salmon, kallisto, slamdunk, star, hisat2, tophat, bowtie2, bowtie1, snpsplit, odgi, pangolin, kat, leehom, adapterRemoval, clipandmerge, cutadapt, flexbar, kaiju, kraken, malt, trimmomatic, sickle, skewer, sortmerna, biobloomtools, fastq_screen, afterqc, fastp, fastqc, pychopper, pycoqc, minionqc, multivcfanalyzer, clusterflow, checkqc, bcl2fastq, bclconvert, interop, ivar, flash, seqyclean, optitype, whatshap
[2023-01-27 11:54:54,521] multiqc                                            [DEBUG  ]  Using temporary directory for creating report: /data/93698.1.bpp/tmphkfqs3k1
[2023-01-27 11:54:55,096] multiqc                                            [INFO   ]  Search path : /nfs1/BPP/Spatafora_Lab/gerversk/projects/fun-gi/scratch/trim1/P01-01-A-n01_fun_fwd-R2_fastqc.zip
[2023-01-27 11:54:55,096] multiqc                                            [INFO   ]  Search path : /nfs1/BPP/Spatafora_Lab/gerversk/projects/fun-gi/scratch/trim1/P01-01-A-n02_fun_fwd-R2_fastqc.zip
[2023-01-27 11:54:55,096] multiqc                                            [INFO   ]  Search path : /nfs1/BPP/Spatafora_Lab/gerversk/projects/fun-gi/scratch/trim1/P01-01-A-n03_fun_fwd-R2_fastqc.zip
[2023-01-27 11:54:55,096] multiqc                                            [INFO   ]  Search path : /nfs1/BPP/Spatafora_Lab/gerversk/projects/fun-gi/scratch/trim1/P01-01-A-n04_fun_fwd-R2_fastqc.zip
[2023-01-27 11:54:55,097] multiqc                                            [INFO   ]  Search path : /nfs1/BPP/Spatafora_Lab/gerversk/projects/fun-gi/scratch/trim1/P01-01-A-n04_gi_fwd-R2_fastqc.zip
[2023-01-27 11:54:55,097] multiqc                                            [INFO   ]  Search path : /nfs1/BPP/Spatafora_Lab/gerversk/projects/fun-gi/scratch/trim1/P01-01-A-n05_fun_fwd-R2_fastqc.zip
[2023-01-27 11:54:55,097] multiqc                                            [INFO   ]  Search path : /nfs1/BPP/Spatafora_Lab/gerversk/projects/fun-gi/scratch/trim1/P01-01-A-n05_gi_fwd-R2_fastqc.zip
[2023-01-27 11:54:55,097] multiqc                                            [INFO   ]  Search path : /nfs1/BPP/Spatafora_Lab/gerversk/projects/fun-gi/scratch/trim1/P01-01-A-n06_fun_fwd-R2_fastqc.zip
[2023-01-27 11:54:55,097] multiqc                                            [INFO   ]  Search path : /nfs1/BPP/Spatafora_Lab/gerversk/projects/fun-gi/scratch/trim1/P01-01-A-n06_gi_fwd-R2_fastqc.zip
[2023-01-27 11:54:55,097] multiqc                                            [INFO   ]  Search path : /nfs1/BPP/Spatafora_Lab/gerversk/projects/fun-gi/scratch/trim1/P01-01-A-n07_fun_fwd-R2_fastqc.zip
[2023-01-27 11:54:55,097] multiqc                                            [INFO   ]  Search path : /nfs1/BPP/Spatafora_Lab/gerversk/projects/fun-gi/scratch/trim1/P01-01-A-n07_gi_fwd-R2_fastqc.zip
[2023-01-27 11:54:55,098] multiqc                                            [INFO   ]  Search path : /nfs1/BPP/Spatafora_Lab/gerversk/projects/fun-gi/scratch/trim1/P01-01-A-n08_fun_fwd-R2_fastqc.zip
[2023-01-27 11:54:55,098] multiqc                                            [INFO   ]  Search path : /nfs1/BPP/Spatafora_Lab/gerversk/projects/fun-gi/scratch/trim1/P01-01-A-n08_gi_fwd-R2_fastqc.zip
[2023-01-27 11:54:55,098] multiqc                                            [INFO   ]  Search path : /nfs1/BPP/Spatafora_Lab/gerversk/projects/fun-gi/scratch/trim1/P01-01-A-n09_gi_fwd-R2_fastqc.zip
[2023-01-27 11:54:55,098] multiqc                                            [INFO   ]  Search path : /nfs1/BPP/Spatafora_Lab/gerversk/projects/fun-gi/scratch/trim1/P01-01-A-n10_gi_fwd-R2_fastqc.zip
[2023-01-27 11:54:55,098] multiqc                                            [INFO   ]  Search path : /nfs1/BPP/Spatafora_Lab/gerversk/projects/fun-gi/scratch/trim1/P01-01-B-n02_fun_fwd-R2_fastqc.zip
[2023-01-27 11:54:55,098] multiqc                                            [INFO   ]  Search path : /nfs1/BPP/Spatafora_Lab/gerversk/projects/fun-gi/scratch/trim1/P01-01-B-n03_fun_fwd-R2_fastqc.zip
[2023-01-27 11:54:55,099] multiqc                                            [INFO   ]  Search path : /nfs1/BPP/Spatafora_Lab/gerversk/projects/fun-gi/scratch/trim1/P01-01-B-n04_fun_fwd-R2_fastqc.zip
[2023-01-27 11:54:55,099] multiqc                                            [INFO   ]  Search path : /nfs1/BPP/Spatafora_Lab/gerversk/projects/fun-gi/scratch/trim1/P01-01-B-n05_fun_fwd-R2_fastqc.zip
[2023-01-27 11:54:55,099] multiqc                                            [INFO   ]  Search path : /nfs1/BPP/Spatafora_Lab/gerversk/projects/fun-gi/scratch/trim1/P01-01-B-n05_gi_fwd-R2_fastqc.zip
[2023-01-27 11:54:55,099] multiqc                                            [INFO   ]  Search path : /nfs1/BPP/Spatafora_Lab/gerversk/projects/fun-gi/scratch/trim1/P01-01-B-n06_fun_fwd-R2_fastqc.zip
[2023-01-27 11:54:55,099] multiqc                                            [INFO   ]  Search path : /nfs1/BPP/Spatafora_Lab/gerversk/projects/fun-gi/scratch/trim1/P01-01-B-n06_gi_fwd-R2_fastqc.zip
[2023-01-27 11:54:55,099] multiqc                                            [INFO   ]  Search path : /nfs1/BPP/Spatafora_Lab/gerversk/projects/fun-gi/scratch/trim1/P01-01-B-n07_fun_fwd-R2_fastqc.zip
[2023-01-27 11:54:55,100] multiqc                                            [INFO   ]  Search path : /nfs1/BPP/Spatafora_Lab/gerversk/projects/fun-gi/scratch/trim1/P01-01-B-n07_gi_fwd-R2_fastqc.zip
[2023-01-27 11:54:55,100] multiqc                                            [INFO   ]  Search path : /nfs1/BPP/Spatafora_Lab/gerversk/projects/fun-gi/scratch/trim1/P01-01-B-n08_gi_fwd-R2_fastqc.zip
[2023-01-27 11:54:55,100] multiqc                                            [INFO   ]  Search path : /nfs1/BPP/Spatafora_Lab/gerversk/projects/fun-gi/scratch/trim1/P01-01-B-n09_gi_fwd-R2_fastqc.zip
[2023-01-27 11:54:55,100] multiqc                                            [INFO   ]  Search path : /nfs1/BPP/Spatafora_Lab/gerversk/projects/fun-gi/scratch/trim1/P01-01-B-n10_gi_fwd-R2_fastqc.zip
[2023-01-27 11:54:55,100] multiqc                                            [INFO   ]  Search path : /nfs1/BPP/Spatafora_Lab/gerversk/projects/fun-gi/scratch/trim1/P01-01-C-n01_fun_fwd-R2_fastqc.zip
[2023-01-27 11:54:55,100] multiqc                                            [INFO   ]  Search path : /nfs1/BPP/Spatafora_Lab/gerversk/projects/fun-gi/scratch/trim1/P01-01-C-n02_fun_fwd-R2_fastqc.zip
[2023-01-27 11:54:55,100] multiqc                                            [INFO   ]  Search path : /nfs1/BPP/Spatafora_Lab/gerversk/projects/fun-gi/scratch/trim1/P01-01-C-n03_fun_fwd-R2_fastqc.zip
[2023-01-27 11:54:55,101] multiqc                                            [INFO   ]  Search path : /nfs1/BPP/Spatafora_Lab/gerversk/projects/fun-gi/scratch/trim1/P01-01-C-n04_fun_fwd-R2_fastqc.zip
[2023-01-27 11:54:55,101] multiqc                                            [INFO   ]  Search path : /nfs1/BPP/Spatafora_Lab/gerversk/projects/fun-gi/scratch/trim1/P01-01-C-n04_gi_fwd-R2_fastqc.zip
[2023-01-27 11:54:55,101] multiqc                                            [INFO   ]  Search path : /nfs1/BPP/Spatafora_Lab/gerversk/projects/fun-gi/scratch/trim1/P01-01-C-n05_fun_fwd-R2_fastqc.zip
[2023-01-27 11:54:55,101] multiqc                                            [INFO   ]  Search path : /nfs1/BPP/Spatafora_Lab/gerversk/projects/fun-gi/scratch/trim1/P01-01-C-n05_gi_fwd-R2_fastqc.zip
[2023-01-27 11:54:55,101] multiqc                                            [INFO   ]  Search path : /nfs1/BPP/Spatafora_Lab/gerversk/projects/fun-gi/scratch/trim1/P01-01-C-n06_fun_fwd-R2_fastqc.zip
[2023-01-27 11:54:55,101] multiqc                                            [INFO   ]  Search path : /nfs1/BPP/Spatafora_Lab/gerversk/projects/fun-gi/scratch/trim1/P01-01-C-n06_gi_fwd-R2_fastqc.zip
[2023-01-27 11:54:55,102] multiqc                                            [INFO   ]  Search path : /nfs1/BPP/Spatafora_Lab/gerversk/projects/fun-gi/scratch/trim1/P01-01-C-n07_fun_fwd-R2_fastqc.zip
[2023-01-27 11:54:55,102] multiqc                                            [INFO   ]  Search path : /nfs1/BPP/Spatafora_Lab/gerversk/projects/fun-gi/scratch/trim1/P01-01-C-n07_gi_fwd-R2_fastqc.zip
[2023-01-27 11:54:55,102] multiqc                                            [INFO   ]  Search path : /nfs1/BPP/Spatafora_Lab/gerversk/projects/fun-gi/scratch/trim1/P01-01-C-n08_gi_fwd-R2_fastqc.zip
[2023-01-27 11:54:55,102] multiqc                                            [INFO   ]  Search path : /nfs1/BPP/Spatafora_Lab/gerversk/projects/fun-gi/scratch/trim1/P01-01-C-n09_gi_fwd-R2_fastqc.zip
[2023-01-27 11:54:55,102] multiqc                                            [INFO   ]  Search path : /nfs1/BPP/Spatafora_Lab/gerversk/projects/fun-gi/scratch/trim1/P01-01-C-n10_gi_fwd-R2_fastqc.zip
[2023-01-27 11:54:55,102] multiqc                                            [INFO   ]  Search path : /nfs1/BPP/Spatafora_Lab/gerversk/projects/fun-gi/scratch/trim1/P01-01-D-n01_fun_fwd-R2_fastqc.zip
[2023-01-27 11:54:55,102] multiqc                                            [INFO   ]  Search path : /nfs1/BPP/Spatafora_Lab/gerversk/projects/fun-gi/scratch/trim1/P01-01-D-n02_fun_fwd-R2_fastqc.zip
[2023-01-27 11:54:55,103] multiqc                                            [INFO   ]  Search path : /nfs1/BPP/Spatafora_Lab/gerversk/projects/fun-gi/scratch/trim1/P01-01-D-n03_fun_fwd-R2_fastqc.zip
[2023-01-27 11:54:55,103] multiqc                                            [INFO   ]  Search path : /nfs1/BPP/Spatafora_Lab/gerversk/projects/fun-gi/scratch/trim1/P01-01-D-n04_fun_fwd-R2_fastqc.zip
[2023-01-27 11:54:55,103] multiqc                                            [INFO   ]  Search path : /nfs1/BPP/Spatafora_Lab/gerversk/projects/fun-gi/scratch/trim1/P01-01-D-n04_gi_fwd-R2_fastqc.zip
[2023-01-27 11:54:55,103] multiqc                                            [INFO   ]  Search path : /nfs1/BPP/Spatafora_Lab/gerversk/projects/fun-gi/scratch/trim1/P01-01-D-n05_fun_fwd-R2_fastqc.zip
[2023-01-27 11:54:55,103] multiqc                                            [INFO   ]  Search path : /nfs1/BPP/Spatafora_Lab/gerversk/projects/fun-gi/scratch/trim1/P01-01-D-n05_gi_fwd-R2_fastqc.zip
[2023-01-27 11:54:55,103] multiqc                                            [INFO   ]  Search path : /nfs1/BPP/Spatafora_Lab/gerversk/projects/fun-gi/scratch/trim1/P01-01-D-n06_fun_fwd-R2_fastqc.zip
[2023-01-27 11:54:55,104] multiqc                                            [INFO   ]  Search path : /nfs1/BPP/Spatafora_Lab/gerversk/projects/fun-gi/scratch/trim1/P01-01-D-n06_gi_fwd-R2_fastqc.zip
[2023-01-27 11:54:55,104] multiqc                                            [INFO   ]  Search path : /nfs1/BPP/Spatafora_Lab/gerversk/projects/fun-gi/scratch/trim1/P01-01-D-n07_gi_fwd-R2_fastqc.zip
[2023-01-27 11:54:55,104] multiqc                                            [INFO   ]  Search path : /nfs1/BPP/Spatafora_Lab/gerversk/projects/fun-gi/scratch/trim1/P01-01-D-n08_gi_fwd-R2_fastqc.zip
[2023-01-27 11:54:55,104] multiqc                                            [INFO   ]  Search path : /nfs1/BPP/Spatafora_Lab/gerversk/projects/fun-gi/scratch/trim1/P01-01-D-n09_gi_fwd-R2_fastqc.zip
[2023-01-27 11:54:55,104] multiqc                                            [INFO   ]  Search path : /nfs1/BPP/Spatafora_Lab/gerversk/projects/fun-gi/scratch/trim1/P01-01-D-n10_gi_fwd-R2_fastqc.zip
[2023-01-27 11:54:55,104] multiqc                                            [INFO   ]  Search path : /nfs1/BPP/Spatafora_Lab/gerversk/projects/fun-gi/scratch/trim1/P01-01-E-n01_fun_fwd-R2_fastqc.zip
[2023-01-27 11:54:55,105] multiqc                                            [INFO   ]  Search path : /nfs1/BPP/Spatafora_Lab/gerversk/projects/fun-gi/scratch/trim1/P01-01-E-n02_fun_fwd-R2_fastqc.zip
[2023-01-27 11:54:55,105] multiqc                                            [INFO   ]  Search path : /nfs1/BPP/Spatafora_Lab/gerversk/projects/fun-gi/scratch/trim1/P01-01-E-n03_fun_fwd-R2_fastqc.zip
[2023-01-27 11:54:55,105] multiqc                                            [INFO   ]  Search path : /nfs1/BPP/Spatafora_Lab/gerversk/projects/fun-gi/scratch/trim1/P01-01-E-n04_fun_fwd-R2_fastqc.zip
[2023-01-27 11:54:55,105] multiqc                                            [INFO   ]  Search path : /nfs1/BPP/Spatafora_Lab/gerversk/projects/fun-gi/scratch/trim1/P01-01-E-n04_gi_fwd-R2_fastqc.zip
[2023-01-27 11:54:55,105] multiqc                                            [INFO   ]  Search path : /nfs1/BPP/Spatafora_Lab/gerversk/projects/fun-gi/scratch/trim1/P01-01-E-n05_fun_fwd-R2_fastqc.zip
[2023-01-27 11:54:55,105] multiqc                                            [INFO   ]  Search path : /nfs1/BPP/Spatafora_Lab/gerversk/projects/fun-gi/scratch/trim1/P01-01-E-n05_gi_fwd-R2_fastqc.zip
[2023-01-27 11:54:55,106] multiqc                                            [INFO   ]  Search path : /nfs1/BPP/Spatafora_Lab/gerversk/projects/fun-gi/scratch/trim1/P01-01-E-n06_fun_fwd-R2_fastqc.zip
[2023-01-27 11:54:55,106] multiqc                                            [INFO   ]  Search path : /nfs1/BPP/Spatafora_Lab/gerversk/projects/fun-gi/scratch/trim1/P01-01-E-n06_gi_fwd-R2_fastqc.zip
[2023-01-27 11:54:55,106] multiqc                                            [INFO   ]  Search path : /nfs1/BPP/Spatafora_Lab/gerversk/projects/fun-gi/scratch/trim1/P01-01-E-n07_gi_fwd-R2_fastqc.zip
[2023-01-27 11:54:55,106] multiqc                                            [INFO   ]  Search path : /nfs1/BPP/Spatafora_Lab/gerversk/projects/fun-gi/scratch/trim1/P01-01-E-n08_gi_fwd-R2_fastqc.zip
[2023-01-27 11:54:55,106] multiqc                                            [INFO   ]  Search path : /nfs1/BPP/Spatafora_Lab/gerversk/projects/fun-gi/scratch/trim1/P01-01-E-n09_gi_fwd-R2_fastqc.zip
[2023-01-27 11:54:55,106] multiqc                                            [INFO   ]  Search path : /nfs1/BPP/Spatafora_Lab/gerversk/projects/fun-gi/scratch/trim1/P01-01-E-n10_gi_fwd-R2_fastqc.zip
[2023-01-27 11:54:55,106] multiqc                                            [INFO   ]  Search path : /nfs1/BPP/Spatafora_Lab/gerversk/projects/fun-gi/scratch/trim1/P01-01-F-n01_fun_fwd-R2_fastqc.zip
[2023-01-27 11:54:55,107] multiqc                                            [INFO   ]  Search path : /nfs1/BPP/Spatafora_Lab/gerversk/projects/fun-gi/scratch/trim1/P01-01-F-n02_fun_fwd-R2_fastqc.zip
[2023-01-27 11:54:55,107] multiqc                                            [INFO   ]  Search path : /nfs1/BPP/Spatafora_Lab/gerversk/projects/fun-gi/scratch/trim1/P01-01-F-n03_fun_fwd-R2_fastqc.zip
[2023-01-27 11:54:55,107] multiqc                                            [INFO   ]  Search path : /nfs1/BPP/Spatafora_Lab/gerversk/projects/fun-gi/scratch/trim1/P01-01-F-n04_fun_fwd-R2_fastqc.zip
[2023-01-27 11:54:55,107] multiqc                                            [INFO   ]  Search path : /nfs1/BPP/Spatafora_Lab/gerversk/projects/fun-gi/scratch/trim1/P01-01-F-n04_gi_fwd-R2_fastqc.zip
[2023-01-27 11:54:55,107] multiqc                                            [INFO   ]  Search path : /nfs1/BPP/Spatafora_Lab/gerversk/projects/fun-gi/scratch/trim1/P01-01-F-n05_fun_fwd-R2_fastqc.zip
[2023-01-27 11:54:55,107] multiqc                                            [INFO   ]  Search path : /nfs1/BPP/Spatafora_Lab/gerversk/projects/fun-gi/scratch/trim1/P01-01-F-n05_gi_fwd-R2_fastqc.zip
[2023-01-27 11:54:55,108] multiqc                                            [INFO   ]  Search path : /nfs1/BPP/Spatafora_Lab/gerversk/projects/fun-gi/scratch/trim1/P01-01-F-n06_fun_fwd-R2_fastqc.zip
[2023-01-27 11:54:55,108] multiqc                                            [INFO   ]  Search path : /nfs1/BPP/Spatafora_Lab/gerversk/projects/fun-gi/scratch/trim1/P01-01-F-n06_gi_fwd-R2_fastqc.zip
[2023-01-27 11:54:55,108] multiqc                                            [INFO   ]  Search path : /nfs1/BPP/Spatafora_Lab/gerversk/projects/fun-gi/scratch/trim1/P01-01-F-n07_fun_fwd-R2_fastqc.zip
[2023-01-27 11:54:55,108] multiqc                                            [INFO   ]  Search path : /nfs1/BPP/Spatafora_Lab/gerversk/projects/fun-gi/scratch/trim1/P01-01-F-n07_gi_fwd-R2_fastqc.zip
[2023-01-27 11:54:55,108] multiqc                                            [INFO   ]  Search path : /nfs1/BPP/Spatafora_Lab/gerversk/projects/fun-gi/scratch/trim1/P01-01-F-n08_gi_fwd-R2_fastqc.zip
[2023-01-27 11:54:55,108] multiqc                                            [INFO   ]  Search path : /nfs1/BPP/Spatafora_Lab/gerversk/projects/fun-gi/scratch/trim1/P01-01-F-n09_gi_fwd-R2_fastqc.zip
[2023-01-27 11:54:55,108] multiqc                                            [INFO   ]  Search path : /nfs1/BPP/Spatafora_Lab/gerversk/projects/fun-gi/scratch/trim1/P01-01-F-n10_gi_fwd-R2_fastqc.zip
[2023-01-27 11:54:55,109] multiqc                                            [INFO   ]  Search path : /nfs1/BPP/Spatafora_Lab/gerversk/projects/fun-gi/scratch/trim1/P01-01-G-n02_fun_fwd-R2_fastqc.zip
[2023-01-27 11:54:55,109] multiqc                                            [INFO   ]  Search path : /nfs1/BPP/Spatafora_Lab/gerversk/projects/fun-gi/scratch/trim1/P01-01-G-n03_fun_fwd-R2_fastqc.zip
[2023-01-27 11:54:55,109] multiqc                                            [INFO   ]  Search path : /nfs1/BPP/Spatafora_Lab/gerversk/projects/fun-gi/scratch/trim1/P01-01-G-n04_fun_fwd-R2_fastqc.zip
[2023-01-27 11:54:55,109] multiqc                                            [INFO   ]  Search path : /nfs1/BPP/Spatafora_Lab/gerversk/projects/fun-gi/scratch/trim1/P01-01-G-n04_gi_fwd-R2_fastqc.zip
[2023-01-27 11:54:55,109] multiqc                                            [INFO   ]  Search path : /nfs1/BPP/Spatafora_Lab/gerversk/projects/fun-gi/scratch/trim1/P01-01-G-n05_fun_fwd-R2_fastqc.zip
[2023-01-27 11:54:55,109] multiqc                                            [INFO   ]  Search path : /nfs1/BPP/Spatafora_Lab/gerversk/projects/fun-gi/scratch/trim1/P01-01-G-n05_gi_fwd-R2_fastqc.zip
[2023-01-27 11:54:55,109] multiqc                                            [INFO   ]  Search path : /nfs1/BPP/Spatafora_Lab/gerversk/projects/fun-gi/scratch/trim1/P01-01-G-n06_fun_fwd-R2_fastqc.zip
[2023-01-27 11:54:55,110] multiqc                                            [INFO   ]  Search path : /nfs1/BPP/Spatafora_Lab/gerversk/projects/fun-gi/scratch/trim1/P01-01-G-n06_gi_fwd-R2_fastqc.zip
[2023-01-27 11:54:55,110] multiqc                                            [INFO   ]  Search path : /nfs1/BPP/Spatafora_Lab/gerversk/projects/fun-gi/scratch/trim1/P01-01-G-n07_gi_fwd-R2_fastqc.zip
[2023-01-27 11:54:55,110] multiqc                                            [INFO   ]  Search path : /nfs1/BPP/Spatafora_Lab/gerversk/projects/fun-gi/scratch/trim1/P01-01-G-n08_gi_fwd-R2_fastqc.zip
[2023-01-27 11:54:55,110] multiqc                                            [INFO   ]  Search path : /nfs1/BPP/Spatafora_Lab/gerversk/projects/fun-gi/scratch/trim1/P01-01-G-n09_gi_fwd-R2_fastqc.zip
[2023-01-27 11:54:55,110] multiqc                                            [INFO   ]  Search path : /nfs1/BPP/Spatafora_Lab/gerversk/projects/fun-gi/scratch/trim1/P01-01-H-n02_fun_fwd-R2_fastqc.zip
[2023-01-27 11:54:55,110] multiqc                                            [INFO   ]  Search path : /nfs1/BPP/Spatafora_Lab/gerversk/projects/fun-gi/scratch/trim1/P01-01-H-n03_fun_fwd-R2_fastqc.zip
[2023-01-27 11:54:55,111] multiqc                                            [INFO   ]  Search path : /nfs1/BPP/Spatafora_Lab/gerversk/projects/fun-gi/scratch/trim1/P01-01-H-n04_fun_fwd-R2_fastqc.zip
[2023-01-27 11:54:55,111] multiqc                                            [INFO   ]  Search path : /nfs1/BPP/Spatafora_Lab/gerversk/projects/fun-gi/scratch/trim1/P01-01-H-n04_gi_fwd-R2_fastqc.zip
[2023-01-27 11:54:55,111] multiqc                                            [INFO   ]  Search path : /nfs1/BPP/Spatafora_Lab/gerversk/projects/fun-gi/scratch/trim1/P01-01-H-n05_fun_fwd-R2_fastqc.zip
[2023-01-27 11:54:55,111] multiqc                                            [INFO   ]  Search path : /nfs1/BPP/Spatafora_Lab/gerversk/projects/fun-gi/scratch/trim1/P01-01-H-n05_gi_fwd-R2_fastqc.zip
[2023-01-27 11:54:55,111] multiqc                                            [INFO   ]  Search path : /nfs1/BPP/Spatafora_Lab/gerversk/projects/fun-gi/scratch/trim1/P01-01-H-n06_fun_fwd-R2_fastqc.zip
[2023-01-27 11:54:55,111] multiqc                                            [INFO   ]  Search path : /nfs1/BPP/Spatafora_Lab/gerversk/projects/fun-gi/scratch/trim1/P01-01-H-n06_gi_fwd-R2_fastqc.zip
[2023-01-27 11:54:55,111] multiqc                                            [INFO   ]  Search path : /nfs1/BPP/Spatafora_Lab/gerversk/projects/fun-gi/scratch/trim1/P01-01-H-n07_fun_fwd-R2_fastqc.zip
[2023-01-27 11:54:55,112] multiqc                                            [INFO   ]  Search path : /nfs1/BPP/Spatafora_Lab/gerversk/projects/fun-gi/scratch/trim1/P01-01-H-n07_gi_fwd-R2_fastqc.zip
[2023-01-27 11:54:55,112] multiqc                                            [INFO   ]  Search path : /nfs1/BPP/Spatafora_Lab/gerversk/projects/fun-gi/scratch/trim1/P01-01-H-n08_gi_fwd-R2_fastqc.zip
[2023-01-27 11:54:55,112] multiqc                                            [INFO   ]  Search path : /nfs1/BPP/Spatafora_Lab/gerversk/projects/fun-gi/scratch/trim1/P01-01-H-n09_gi_fwd-R2_fastqc.zip
[2023-01-27 11:54:55,112] multiqc                                            [INFO   ]  Search path : /nfs1/BPP/Spatafora_Lab/gerversk/projects/fun-gi/scratch/trim1/P01-01-H-n10_gi_fwd-R2_fastqc.zip
[2023-01-27 11:54:55,112] multiqc                                            [INFO   ]  Search path : /nfs1/BPP/Spatafora_Lab/gerversk/projects/fun-gi/scratch/trim1/P01-02-A-n03_fun_fwd-R2_fastqc.zip
[2023-01-27 11:54:55,112] multiqc                                            [INFO   ]  Search path : /nfs1/BPP/Spatafora_Lab/gerversk/projects/fun-gi/scratch/trim1/P01-02-A-n04_fun_fwd-R2_fastqc.zip
[2023-01-27 11:54:55,113] multiqc                                            [INFO   ]  Search path : /nfs1/BPP/Spatafora_Lab/gerversk/projects/fun-gi/scratch/trim1/P01-02-A-n05_fun_fwd-R2_fastqc.zip
[2023-01-27 11:54:55,113] multiqc                                            [INFO   ]  Search path : /nfs1/BPP/Spatafora_Lab/gerversk/projects/fun-gi/scratch/trim1/P01-02-A-n05_gi_fwd-R2_fastqc.zip
[2023-01-27 11:54:55,113] multiqc                                            [INFO   ]  Search path : /nfs1/BPP/Spatafora_Lab/gerversk/projects/fun-gi/scratch/trim1/P01-02-A-n06_gi_fwd-R2_fastqc.zip
[2023-01-27 11:54:55,113] multiqc                                            [INFO   ]  Search path : /nfs1/BPP/Spatafora_Lab/gerversk/projects/fun-gi/scratch/trim1/P01-02-A-n08_gi_fwd-R2_fastqc.zip
[2023-01-27 11:54:55,113] multiqc                                            [INFO   ]  Search path : /nfs1/BPP/Spatafora_Lab/gerversk/projects/fun-gi/scratch/trim1/P01-02-B-n04_fun_fwd-R2_fastqc.zip
[2023-01-27 11:54:55,113] multiqc                                            [INFO   ]  Search path : /nfs1/BPP/Spatafora_Lab/gerversk/projects/fun-gi/scratch/trim1/P01-02-B-n05_fun_fwd-R2_fastqc.zip
[2023-01-27 11:54:55,113] multiqc                                            [INFO   ]  Search path : /nfs1/BPP/Spatafora_Lab/gerversk/projects/fun-gi/scratch/trim1/P01-02-B-n05_gi_fwd-R2_fastqc.zip
[2023-01-27 11:54:55,114] multiqc                                            [INFO   ]  Search path : /nfs1/BPP/Spatafora_Lab/gerversk/projects/fun-gi/scratch/trim1/P01-02-B-n06_gi_fwd-R2_fastqc.zip
[2023-01-27 11:54:55,114] multiqc                                            [INFO   ]  Search path : /nfs1/BPP/Spatafora_Lab/gerversk/projects/fun-gi/scratch/trim1/P01-02-B-n07_gi_fwd-R2_fastqc.zip
[2023-01-27 11:54:55,114] multiqc                                            [INFO   ]  Search path : /nfs1/BPP/Spatafora_Lab/gerversk/projects/fun-gi/scratch/trim1/P01-02-C-n03_fun_fwd-R2_fastqc.zip
[2023-01-27 11:54:55,114] multiqc                                            [INFO   ]  Search path : /nfs1/BPP/Spatafora_Lab/gerversk/projects/fun-gi/scratch/trim1/P01-02-C-n04_fun_fwd-R2_fastqc.zip
[2023-01-27 11:54:55,114] multiqc                                            [INFO   ]  Search path : /nfs1/BPP/Spatafora_Lab/gerversk/projects/fun-gi/scratch/trim1/P01-02-C-n05_fun_fwd-R2_fastqc.zip
[2023-01-27 11:54:55,114] multiqc                                            [INFO   ]  Search path : /nfs1/BPP/Spatafora_Lab/gerversk/projects/fun-gi/scratch/trim1/P01-02-C-n07_gi_fwd-R2_fastqc.zip
[2023-01-27 11:54:55,114] multiqc                                            [INFO   ]  Search path : /nfs1/BPP/Spatafora_Lab/gerversk/projects/fun-gi/scratch/trim1/P01-02-C-n08_gi_fwd-R2_fastqc.zip
[2023-01-27 11:54:55,115] multiqc                                            [INFO   ]  Search path : /nfs1/BPP/Spatafora_Lab/gerversk/projects/fun-gi/scratch/trim1/P01-02-D-n03_fun_fwd-R2_fastqc.zip
[2023-01-27 11:54:55,115] multiqc                                            [INFO   ]  Search path : /nfs1/BPP/Spatafora_Lab/gerversk/projects/fun-gi/scratch/trim1/P01-02-D-n04_fun_fwd-R2_fastqc.zip
[2023-01-27 11:54:55,115] multiqc                                            [INFO   ]  Search path : /nfs1/BPP/Spatafora_Lab/gerversk/projects/fun-gi/scratch/trim1/P01-02-D-n05_fun_fwd-R2_fastqc.zip
[2023-01-27 11:54:55,115] multiqc                                            [INFO   ]  Search path : /nfs1/BPP/Spatafora_Lab/gerversk/projects/fun-gi/scratch/trim1/P01-02-D-n06_fun_fwd-R2_fastqc.zip
[2023-01-27 11:54:55,115] multiqc                                            [INFO   ]  Search path : /nfs1/BPP/Spatafora_Lab/gerversk/projects/fun-gi/scratch/trim1/P01-02-D-n07_gi_fwd-R2_fastqc.zip
[2023-01-27 11:54:55,115] multiqc                                            [INFO   ]  Search path : /nfs1/BPP/Spatafora_Lab/gerversk/projects/fun-gi/scratch/trim1/P01-02-D-n08_gi_fwd-R2_fastqc.zip
[2023-01-27 11:54:55,116] multiqc                                            [INFO   ]  Search path : /nfs1/BPP/Spatafora_Lab/gerversk/projects/fun-gi/scratch/trim1/P01-02-D-n09_gi_fwd-R2_fastqc.zip
[2023-01-27 11:54:55,285] multiqc                                            [DEBUG  ]  Summary of files that were skipped by the search: []
[2023-01-27 11:54:56,349] multiqc.plots.bargraph                             [DEBUG  ]  Using matplotlib version 3.6.2
[2023-01-27 11:54:56,351] multiqc.plots.linegraph                            [DEBUG  ]  Using matplotlib version 3.6.2
[2023-01-27 11:54:56,354] multiqc                                            [DEBUG  ]  No samples found: custom_content
[2023-01-27 11:54:57,748] multiqc.modules.fastqc.fastqc                      [INFO   ]  Found 128 reports
[2023-01-27 11:55:01,020] multiqc                                            [INFO   ]  Compressing plot data
[2023-01-27 11:55:02,913] multiqc                                            [INFO   ]  Report      : 02-trim/logs/trim1-R2.html
[2023-01-27 11:55:02,914] multiqc                                            [INFO   ]  Data        : 02-trim/logs/trim1-R2_data
[2023-01-27 11:55:02,914] multiqc                                            [DEBUG  ]  Moving data file from '/data/93698.1.bpp/tmphkfqs3k1/multiqc_data' to '02-trim/logs/trim1-R2_data'
[2023-01-27 11:55:03,266] multiqc                                            [INFO   ]  MultiQC complete
