[2023-01-27 10:12:41,585] multiqc                                            [DEBUG  ]  This is MultiQC v1.13 (339f9f9)
[2023-01-27 10:12:41,586] multiqc                                            [DEBUG  ]  Command used: /nfs1/BPP/Spatafora_Lab/gerversk/projects/fun-gi/env/bin/multiqc -f -o 01-demultiplex/logs -n R2.html -i Demultiplexed reverse reads scratch/COYLE001-R2_fastqc.zip scratch/COYLE002-R2_fastqc.zip scratch/COYLE003-R2_fastqc.zip scratch/COYLE004-R2_fastqc.zip scratch/COYLE005-R2_fastqc.zip scratch/COYLE006-R2_fastqc.zip scratch/COYLE007-R2_fastqc.zip scratch/COYLE008-R2_fastqc.zip scratch/LISTON01-R2_fastqc.zip scratch/LISTON02-R2_fastqc.zip scratch/LISTON03-R2_fastqc.zip scratch/LISTON04-R2_fastqc.zip scratch/LISTON05-R2_fastqc.zip scratch/LISTON06-R2_fastqc.zip scratch/P01-01-A-R2_fastqc.zip scratch/P01-01-B-R2_fastqc.zip scratch/P01-01-C-R2_fastqc.zip scratch/P01-01-D-R2_fastqc.zip scratch/P01-01-E-R2_fastqc.zip scratch/P01-01-F-R2_fastqc.zip scratch/P01-01-G-R2_fastqc.zip scratch/P01-01-H-R2_fastqc.zip scratch/P01-02-A-R2_fastqc.zip scratch/P01-02-B-R2_fastqc.zip scratch/P01-02-C-R2_fastqc.zip scratch/P01-02-D-R2_fastqc.zip scratch/undetermined-R2_fastqc.zip
[2023-01-27 10:12:42,403] multiqc                                            [WARNING]  MultiQC Version v1.14 now available!
[2023-01-27 10:12:42,404] multiqc                                            [DEBUG  ]  Working dir : /nfs1/BPP/Spatafora_Lab/gerversk/projects/fun-gi
[2023-01-27 10:12:42,404] multiqc                                            [DEBUG  ]  Template    : default
[2023-01-27 10:12:42,404] multiqc                                            [DEBUG  ]  Running Python 3.10.8 | packaged by conda-forge | (main, Nov 22 2022, 08:23:14) [GCC 10.4.0]
[2023-01-27 10:12:42,404] multiqc                                            [INFO   ]  Report title: Demultiplexed reverse reads
[2023-01-27 10:12:42,404] multiqc                                            [DEBUG  ]  Analysing modules: custom_content, ccs, ngsderive, purple, conpair, lima, peddy, somalier, methylQA, mosdepth, phantompeakqualtools, qualimap, preseq, quast, qorts, rna_seqc, rockhopper, rsem, rseqc, busco, bustools, goleft_indexcov, gffcompare, disambiguate, supernova, deeptools, sargasso, verifybamid, mirtrace, happy, mirtop, sambamba, homer, hops, macs2, theta2, snpeff, gatk, htseq, bcftools, featureCounts, fgbio, dragen, dedup, pbmarkdup, damageprofiler, biobambam2, jcvi, mtnucratio, picard, vep, sentieon, prokka, qc3C, nanostat, samblaster, samtools, sexdeterrmine, eigenstratdatabasetools, bamtools, jellyfish, vcftools, longranger, stacks, varscan2, snippy, bbmap, bismark, biscuit, hicexplorer, hicup, hicpro, salmon, kallisto, slamdunk, star, hisat2, tophat, bowtie2, bowtie1, snpsplit, odgi, pangolin, kat, leehom, adapterRemoval, clipandmerge, cutadapt, flexbar, kaiju, kraken, malt, trimmomatic, sickle, skewer, sortmerna, biobloomtools, fastq_screen, afterqc, fastp, fastqc, pychopper, pycoqc, minionqc, multivcfanalyzer, clusterflow, checkqc, bcl2fastq, bclconvert, interop, ivar, flash, seqyclean, optitype, whatshap
[2023-01-27 10:12:42,405] multiqc                                            [DEBUG  ]  Using temporary directory for creating report: /data/93557.1.bpp/tmpvn2z7x6f
[2023-01-27 10:12:42,606] multiqc                                            [INFO   ]  Search path : /nfs1/BPP/Spatafora_Lab/gerversk/projects/fun-gi/scratch/COYLE001-R2_fastqc.zip
[2023-01-27 10:12:42,607] multiqc                                            [INFO   ]  Search path : /nfs1/BPP/Spatafora_Lab/gerversk/projects/fun-gi/scratch/COYLE002-R2_fastqc.zip
[2023-01-27 10:12:42,607] multiqc                                            [INFO   ]  Search path : /nfs1/BPP/Spatafora_Lab/gerversk/projects/fun-gi/scratch/COYLE003-R2_fastqc.zip
[2023-01-27 10:12:42,607] multiqc                                            [INFO   ]  Search path : /nfs1/BPP/Spatafora_Lab/gerversk/projects/fun-gi/scratch/COYLE004-R2_fastqc.zip
[2023-01-27 10:12:42,607] multiqc                                            [INFO   ]  Search path : /nfs1/BPP/Spatafora_Lab/gerversk/projects/fun-gi/scratch/COYLE005-R2_fastqc.zip
[2023-01-27 10:12:42,607] multiqc                                            [INFO   ]  Search path : /nfs1/BPP/Spatafora_Lab/gerversk/projects/fun-gi/scratch/COYLE006-R2_fastqc.zip
[2023-01-27 10:12:42,607] multiqc                                            [INFO   ]  Search path : /nfs1/BPP/Spatafora_Lab/gerversk/projects/fun-gi/scratch/COYLE007-R2_fastqc.zip
[2023-01-27 10:12:42,607] multiqc                                            [INFO   ]  Search path : /nfs1/BPP/Spatafora_Lab/gerversk/projects/fun-gi/scratch/COYLE008-R2_fastqc.zip
[2023-01-27 10:12:42,607] multiqc                                            [INFO   ]  Search path : /nfs1/BPP/Spatafora_Lab/gerversk/projects/fun-gi/scratch/LISTON01-R2_fastqc.zip
[2023-01-27 10:12:42,607] multiqc                                            [INFO   ]  Search path : /nfs1/BPP/Spatafora_Lab/gerversk/projects/fun-gi/scratch/LISTON02-R2_fastqc.zip
[2023-01-27 10:12:42,607] multiqc                                            [INFO   ]  Search path : /nfs1/BPP/Spatafora_Lab/gerversk/projects/fun-gi/scratch/LISTON03-R2_fastqc.zip
[2023-01-27 10:12:42,607] multiqc                                            [INFO   ]  Search path : /nfs1/BPP/Spatafora_Lab/gerversk/projects/fun-gi/scratch/LISTON04-R2_fastqc.zip
[2023-01-27 10:12:42,607] multiqc                                            [INFO   ]  Search path : /nfs1/BPP/Spatafora_Lab/gerversk/projects/fun-gi/scratch/LISTON05-R2_fastqc.zip
[2023-01-27 10:12:42,607] multiqc                                            [INFO   ]  Search path : /nfs1/BPP/Spatafora_Lab/gerversk/projects/fun-gi/scratch/LISTON06-R2_fastqc.zip
[2023-01-27 10:12:42,607] multiqc                                            [INFO   ]  Search path : /nfs1/BPP/Spatafora_Lab/gerversk/projects/fun-gi/scratch/P01-01-A-R2_fastqc.zip
[2023-01-27 10:12:42,607] multiqc                                            [INFO   ]  Search path : /nfs1/BPP/Spatafora_Lab/gerversk/projects/fun-gi/scratch/P01-01-B-R2_fastqc.zip
[2023-01-27 10:12:42,607] multiqc                                            [INFO   ]  Search path : /nfs1/BPP/Spatafora_Lab/gerversk/projects/fun-gi/scratch/P01-01-C-R2_fastqc.zip
[2023-01-27 10:12:42,607] multiqc                                            [INFO   ]  Search path : /nfs1/BPP/Spatafora_Lab/gerversk/projects/fun-gi/scratch/P01-01-D-R2_fastqc.zip
[2023-01-27 10:12:42,607] multiqc                                            [INFO   ]  Search path : /nfs1/BPP/Spatafora_Lab/gerversk/projects/fun-gi/scratch/P01-01-E-R2_fastqc.zip
[2023-01-27 10:12:42,607] multiqc                                            [INFO   ]  Search path : /nfs1/BPP/Spatafora_Lab/gerversk/projects/fun-gi/scratch/P01-01-F-R2_fastqc.zip
[2023-01-27 10:12:42,607] multiqc                                            [INFO   ]  Search path : /nfs1/BPP/Spatafora_Lab/gerversk/projects/fun-gi/scratch/P01-01-G-R2_fastqc.zip
[2023-01-27 10:12:42,607] multiqc                                            [INFO   ]  Search path : /nfs1/BPP/Spatafora_Lab/gerversk/projects/fun-gi/scratch/P01-01-H-R2_fastqc.zip
[2023-01-27 10:12:42,607] multiqc                                            [INFO   ]  Search path : /nfs1/BPP/Spatafora_Lab/gerversk/projects/fun-gi/scratch/P01-02-A-R2_fastqc.zip
[2023-01-27 10:12:42,608] multiqc                                            [INFO   ]  Search path : /nfs1/BPP/Spatafora_Lab/gerversk/projects/fun-gi/scratch/P01-02-B-R2_fastqc.zip
[2023-01-27 10:12:42,608] multiqc                                            [INFO   ]  Search path : /nfs1/BPP/Spatafora_Lab/gerversk/projects/fun-gi/scratch/P01-02-C-R2_fastqc.zip
[2023-01-27 10:12:42,608] multiqc                                            [INFO   ]  Search path : /nfs1/BPP/Spatafora_Lab/gerversk/projects/fun-gi/scratch/P01-02-D-R2_fastqc.zip
[2023-01-27 10:12:42,608] multiqc                                            [INFO   ]  Search path : /nfs1/BPP/Spatafora_Lab/gerversk/projects/fun-gi/scratch/undetermined-R2_fastqc.zip
[2023-01-27 10:12:42,629] multiqc                                            [DEBUG  ]  Summary of files that were skipped by the search: []
[2023-01-27 10:12:43,092] multiqc.plots.bargraph                             [DEBUG  ]  Using matplotlib version 3.6.2
[2023-01-27 10:12:43,093] multiqc.plots.linegraph                            [DEBUG  ]  Using matplotlib version 3.6.2
[2023-01-27 10:12:43,096] multiqc                                            [DEBUG  ]  No samples found: custom_content
[2023-01-27 10:12:43,203] multiqc.modules.fastqc.fastqc                      [INFO   ]  Found 27 reports
[2023-01-27 10:12:43,506] multiqc                                            [INFO   ]  Compressing plot data
[2023-01-27 10:12:43,748] multiqc                                            [INFO   ]  Report      : 01-demultiplex/logs/R2.html
[2023-01-27 10:12:43,748] multiqc                                            [INFO   ]  Data        : 01-demultiplex/logs/R2_data
[2023-01-27 10:12:43,748] multiqc                                            [DEBUG  ]  Moving data file from '/data/93557.1.bpp/tmpvn2z7x6f/multiqc_data' to '01-demultiplex/logs/R2_data'
[2023-01-27 10:12:43,913] multiqc                                            [INFO   ]  MultiQC complete
